[     690ms] [INFO] %cDownload the React DevTools for a better development experience: https://react.dev/link/react-devtools font-weight:bold @ http://localhost:5173/node_modules/.vite/deps/react-dom_client.js?v=7523acfe:20100
[  390532ms] [INFO] %cDownload the React DevTools for a better development experience: https://react.dev/link/react-devtools font-weight:bold @ http://localhost:5173/node_modules/.vite/deps/react-dom_client.js?v=7523acfe:20100
[  394211ms] [ERROR] Failed to load module script: Expected a JavaScript-or-Wasm module script but the server responded with a MIME type of "image/svg+xml". Strict MIME type checking is enforced for module scripts per HTML spec. @ http://localhost:5173/src/assets/icons/field-school.svg?t=1784074972852&import:0
[  394211ms] [ERROR] Failed to load module script: Expected a JavaScript-or-Wasm module script but the server responded with a MIME type of "image/svg+xml". Strict MIME type checking is enforced for module scripts per HTML spec. @ http://localhost:5173/src/assets/icons/field-shield.svg?t=1784074972852&import:0
[  394212ms] [ERROR] Failed to load module script: Expected a JavaScript-or-Wasm module script but the server responded with a MIME type of "image/svg+xml". Strict MIME type checking is enforced for module scripts per HTML spec. @ http://localhost:5173/src/assets/icons/field-user.svg?t=1784074972852&import:0
[  394212ms] [ERROR] Failed to load module script: Expected a JavaScript-or-Wasm module script but the server responded with a MIME type of "image/svg+xml". Strict MIME type checking is enforced for module scripts per HTML spec. @ http://localhost:5173/src/assets/icons/field-lock.svg?t=1784074972852&import:0
[  394212ms] [ERROR] Failed to load module script: Expected a JavaScript-or-Wasm module script but the server responded with a MIME type of "image/svg+xml". Strict MIME type checking is enforced for module scripts per HTML spec. @ http://localhost:5173/src/assets/icons/signup-badge.svg?t=1784074972855&import:0
[  394213ms] [ERROR] [vite] Failed to reload /src/components/ui/Controls.tsx. This could be due to syntax errors or importing non-existent modules. (see errors above) @ http://localhost:5173/@vite/client:881
[  394231ms] [ERROR] Failed to load module script: Expected a JavaScript-or-Wasm module script but the server responded with a MIME type of "image/svg+xml". Strict MIME type checking is enforced for module scripts per HTML spec. @ http://localhost:5173/src/assets/icons/field-eye.svg?t=1784074972852&import:0
[  395339ms] [INFO] %cDownload the React DevTools for a better development experience: https://react.dev/link/react-devtools font-weight:bold @ http://localhost:5173/node_modules/.vite/deps/react-dom_client.js?v=7523acfe:20100
[  403650ms] [INFO] %cDownload the React DevTools for a better development experience: https://react.dev/link/react-devtools font-weight:bold @ http://localhost:5173/node_modules/.vite/deps/react-dom_client.js?v=7523acfe:20100
[  407167ms] [INFO] %cDownload the React DevTools for a better development experience: https://react.dev/link/react-devtools font-weight:bold @ http://localhost:5173/node_modules/.vite/deps/react-dom_client.js?v=7523acfe:20100
[  413052ms] [INFO] %cDownload the React DevTools for a better development experience: https://react.dev/link/react-devtools font-weight:bold @ http://localhost:5173/node_modules/.vite/deps/react-dom_client.js?v=7523acfe:20100
[  414645ms] [ERROR] WebSocket connection to 'ws://localhost:5173/?token=zcbXnKrsslbz' failed: Error during WebSocket handshake: Unexpected response code: 400 @ http://localhost:5173/@vite/client:801
[  414662ms] [ERROR] WebSocket connection to 'ws://127.0.0.1:5173/?token=zcbXnKrsslbz' failed: Error during WebSocket handshake: Unexpected response code: 400 @ http://localhost:5173/@vite/client:814
[  414663ms] [ERROR] [vite] failed to connect to websocket.
your current setup:
  (browser) localhost:5173/ <--[HTTP]--> 127.0.0.1:5173/ (server)
  (browser) localhost:5173/ <--[WebSocket (failing)]--> 127.0.0.1:5173/ (server)
Check out your Vite / network configuration and https://vite.dev/config/server-options.html#server-hmr . @ http://localhost:5173/@vite/client:829
[  415617ms] [ERROR] Failed to load module script: Expected a JavaScript-or-Wasm module script but the server responded with a MIME type of "image/svg+xml". Strict MIME type checking is enforced for module scripts per HTML spec. @ http://localhost:5173/src/assets/icons/alert-drill.svg?import:0
[  415618ms] [ERROR] Failed to load module script: Expected a JavaScript-or-Wasm module script but the server responded with a MIME type of "image/svg+xml". Strict MIME type checking is enforced for module scripts per HTML spec. @ http://localhost:5173/src/assets/icons/alert-inspection.svg?import:0
[  415619ms] [ERROR] Failed to load module script: Expected a JavaScript-or-Wasm module script but the server responded with a MIME type of "image/svg+xml". Strict MIME type checking is enforced for module scripts per HTML spec. @ http://localhost:5173/src/assets/icons/alert-real.svg?import:0
[  415620ms] [ERROR] Failed to load module script: Expected a JavaScript-or-Wasm module script but the server responded with a MIME type of "image/svg+xml". Strict MIME type checking is enforced for module scripts per HTML spec. @ http://localhost:5173/src/assets/icons/emergency-bell.svg?import:0
[  415622ms] [ERROR] Failed to load module script: Expected a JavaScript-or-Wasm module script but the server responded with a MIME type of "image/svg+xml". Strict MIME type checking is enforced for module scripts per HTML spec. @ http://localhost:5173/src/assets/icons/home-status-check.svg?import:0
[  415627ms] [ERROR] Failed to load module script: Expected a JavaScript-or-Wasm module script but the server responded with a MIME type of "image/svg+xml". Strict MIME type checking is enforced for module scripts per HTML spec. @ http://localhost:5173/src/assets/icons/meta-calendar.svg?import:0
[  415645ms] [ERROR] Failed to load module script: Expected a JavaScript-or-Wasm module script but the server responded with a MIME type of "image/svg+xml". Strict MIME type checking is enforced for module scripts per HTML spec. @ http://localhost:5173/src/assets/icons/meta-clock.svg?import:0
[  415679ms] [ERROR] Failed to load module script: Expected a JavaScript-or-Wasm module script but the server responded with a MIME type of "image/svg+xml". Strict MIME type checking is enforced for module scripts per HTML spec. @ http://localhost:5173/whatting_logo.svg?import:0
[  415704ms] [ERROR] Failed to load module script: Expected a JavaScript-or-Wasm module script but the server responded with a MIME type of "image/svg+xml". Strict MIME type checking is enforced for module scripts per HTML spec. @ http://localhost:5173/src/assets/icons/profile.svg?import:0
[  415721ms] [ERROR] Failed to load module script: Expected a JavaScript-or-Wasm module script but the server responded with a MIME type of "image/svg+xml". Strict MIME type checking is enforced for module scripts per HTML spec. @ http://localhost:5173/src/assets/icons/status-battery.svg?import:0
[  415741ms] [ERROR] Failed to load module script: Expected a JavaScript-or-Wasm module script but the server responded with a MIME type of "image/svg+xml". Strict MIME type checking is enforced for module scripts per HTML spec. @ http://localhost:5173/src/assets/icons/status-signal.svg?import:0
[  415755ms] [ERROR] Failed to load module script: Expected a JavaScript-or-Wasm module script but the server responded with a MIME type of "image/svg+xml". Strict MIME type checking is enforced for module scripts per HTML spec. @ http://localhost:5173/src/assets/icons/status-wifi.svg?import:0
[  415759ms] [ERROR] Failed to load module script: Expected a JavaScript-or-Wasm module script but the server responded with a MIME type of "image/svg+xml". Strict MIME type checking is enforced for module scripts per HTML spec. @ http://localhost:5173/src/assets/icons/tab-alert-active.svg?import:0
[  415770ms] [ERROR] Failed to load module script: Expected a JavaScript-or-Wasm module script but the server responded with a MIME type of "image/svg+xml". Strict MIME type checking is enforced for module scripts per HTML spec. @ http://localhost:5173/src/assets/icons/tab-alert.svg?import:0
[  415775ms] [ERROR] Failed to load module script: Expected a JavaScript-or-Wasm module script but the server responded with a MIME type of "image/svg+xml". Strict MIME type checking is enforced for module scripts per HTML spec. @ http://localhost:5173/src/assets/icons/tab-home-active.svg?import:0
[  415776ms] [ERROR] Failed to load module script: Expected a JavaScript-or-Wasm module script but the server responded with a MIME type of "image/svg+xml". Strict MIME type checking is enforced for module scripts per HTML spec. @ http://localhost:5173/src/assets/icons/tab-home.svg?import:0
[  415783ms] [ERROR] Failed to load module script: Expected a JavaScript-or-Wasm module script but the server responded with a MIME type of "image/svg+xml". Strict MIME type checking is enforced for module scripts per HTML spec. @ http://localhost:5173/src/assets/icons/tab-students-active.svg?import:0
[  415790ms] [ERROR] Failed to load module script: Expected a JavaScript-or-Wasm module script but the server responded with a MIME type of "image/svg+xml". Strict MIME type checking is enforced for module scripts per HTML spec. @ http://localhost:5173/src/assets/icons/tab-students.svg?import:0
[  415809ms] [ERROR] Failed to load module script: Expected a JavaScript-or-Wasm module script but the server responded with a MIME type of "image/svg+xml". Strict MIME type checking is enforced for module scripts per HTML spec. @ http://localhost:5173/src/assets/icons/field-eye.svg?import:0
[  415870ms] [ERROR] Failed to load module script: Expected a JavaScript-or-Wasm module script but the server responded with a MIME type of "image/svg+xml". Strict MIME type checking is enforced for module scripts per HTML spec. @ http://localhost:5173/src/assets/icons/field-lock.svg?import:0
[  415873ms] [ERROR] Failed to load module script: Expected a JavaScript-or-Wasm module script but the server responded with a MIME type of "image/svg+xml". Strict MIME type checking is enforced for module scripts per HTML spec. @ http://localhost:5173/src/assets/icons/field-shield.svg?import:0
[  415874ms] [ERROR] Failed to load module script: Expected a JavaScript-or-Wasm module script but the server responded with a MIME type of "image/svg+xml". Strict MIME type checking is enforced for module scripts per HTML spec. @ http://localhost:5173/src/assets/icons/signup-badge.svg?import:0
[  415875ms] [ERROR] Failed to load module script: Expected a JavaScript-or-Wasm module script but the server responded with a MIME type of "image/svg+xml". Strict MIME type checking is enforced for module scripts per HTML spec. @ http://localhost:5173/src/assets/icons/field-school.svg?import:0
[  415876ms] [ERROR] Failed to load module script: Expected a JavaScript-or-Wasm module script but the server responded with a MIME type of "image/svg+xml". Strict MIME type checking is enforced for module scripts per HTML spec. @ http://localhost:5173/src/assets/icons/field-user.svg?import:0
